{"D:\\PathAI_Fan\\api\\vectorStore.js": {"path":"D:\\PathAI_Fan\\api\\vectorStore.js","statementMap":{"0":{"start":{"line":9,"column":31},"end":{"line":40,"column":null}},"1":{"start":{"line":43,"column":17},"end":{"line":43,"column":null}},"2":{"start":{"line":46,"column":21},"end":{"line":57,"column":null}},"3":{"start":{"line":47,"column":16},"end":{"line":47,"column":null}},"4":{"start":{"line":48,"column":20},"end":{"line":48,"column":null}},"5":{"start":{"line":50,"column":4},"end":{"line":54,"column":null}},"6":{"start":{"line":51,"column":6},"end":{"line":51,"column":null}},"7":{"start":{"line":51,"column":27},"end":{"line":51,"column":null}},"8":{"start":{"line":52,"column":6},"end":{"line":52,"column":null}},"9":{"start":{"line":52,"column":34},"end":{"line":52,"column":null}},"10":{"start":{"line":53,"column":6},"end":{"line":53,"column":null}},"11":{"start":{"line":53,"column":31},"end":{"line":53,"column":49}},"12":{"start":{"line":53,"column":52},"end":{"line":53,"column":null}},"13":{"start":{"line":56,"column":4},"end":{"line":56,"column":null}},"14":{"start":{"line":59,"column":2},"end":{"line":59,"column":null}},"15":{"start":{"line":59,"column":28},"end":{"line":59,"column":45}},"16":{"start":{"line":61,"column":18},"end":{"line":61,"column":null}},"17":{"start":{"line":61,"column":41},"end":{"line":61,"column":52}},"18":{"start":{"line":63,"column":2},"end":{"line":65,"column":null}},"19":{"start":{"line":64,"column":4},"end":{"line":64,"column":null}},"20":{"start":{"line":67,"column":2},"end":{"line":67,"column":null}},"21":{"start":{"line":67,"column":26},"end":{"line":67,"column":35}}},"fnMap":{"0":{"name":"queryVectorDB","decl":{"start":{"line":42,"column":16},"end":{"line":42,"column":30}},"loc":{"start":{"line":42,"column":48},"end":{"line":68,"column":null}},"line":42},"1":{"name":"(anonymous_1)","decl":{"start":{"line":46,"column":44},"end":{"line":46,"column":48}},"loc":{"start":{"line":46,"column":55},"end":{"line":57,"column":3}},"line":46},"2":{"name":"(anonymous_2)","decl":{"start":{"line":50,"column":11},"end":{"line":50,"column":19}},"loc":{"start":{"line":50,"column":27},"end":{"line":54,"column":5}},"line":50},"3":{"name":"(anonymous_3)","decl":{"start":{"line":53,"column":19},"end":{"line":53,"column":24}},"loc":{"start":{"line":53,"column":31},"end":{"line":53,"column":49}},"line":53},"4":{"name":"(anonymous_4)","decl":{"start":{"line":59,"column":13},"end":{"line":59,"column":19}},"loc":{"start":{"line":59,"column":28},"end":{"line":59,"column":45}},"line":59},"5":{"name":"(anonymous_5)","decl":{"start":{"line":61,"column":29},"end":{"line":61,"column":36}},"loc":{"start":{"line":61,"column":41},"end":{"line":61,"column":52}},"line":61},"6":{"name":"(anonymous_6)","decl":{"start":{"line":67,"column":17},"end":{"line":67,"column":21}},"loc":{"start":{"line":67,"column":26},"end":{"line":67,"column":35}},"line":67}},"branchMap":{"0":{"loc":{"start":{"line":42,"column":37},"end":{"line":42,"column":48}},"type":"default-arg","locations":[{"start":{"line":42,"column":45},"end":{"line":42,"column":48}}],"line":42},"1":{"loc":{"start":{"line":51,"column":6},"end":{"line":51,"column":null}},"type":"if","locations":[{"start":{"line":51,"column":6},"end":{"line":51,"column":null}},{"start":{},"end":{}}],"line":51},"2":{"loc":{"start":{"line":52,"column":6},"end":{"line":52,"column":null}},"type":"if","locations":[{"start":{"line":52,"column":6},"end":{"line":52,"column":null}},{"start":{},"end":{}}],"line":52},"3":{"loc":{"start":{"line":53,"column":6},"end":{"line":53,"column":null}},"type":"if","locations":[{"start":{"line":53,"column":6},"end":{"line":53,"column":null}},{"start":{},"end":{}}],"line":53},"4":{"loc":{"start":{"line":63,"column":2},"end":{"line":65,"column":null}},"type":"if","locations":[{"start":{"line":63,"column":2},"end":{"line":65,"column":null}},{"start":{},"end":{}}],"line":63}},"s":{"0":1,"1":3,"2":3,"3":18,"4":18,"5":18,"6":54,"7":6,"8":48,"9":11,"10":48,"11":284,"12":2,"13":18,"14":3,"15":25,"16":3,"17":18,"18":3,"19":1,"20":2,"21":4},"f":{"0":3,"1":18,"2":54,"3":284,"4":25,"5":18,"6":4},"b":{"0":[3],"1":[6,48],"2":[11,37],"3":[2,46],"4":[1,2]},"meta":{"lastBranch":5,"lastFunction":7,"lastStatement":22,"seen":{"s:9:31:40:Infinity":0,"f:42:16:42:30":0,"b:42:45:42:48":0,"s:43:17:43:Infinity":1,"s:46:21:57:Infinity":2,"f:46:44:46:48":1,"s:47:16:47:Infinity":3,"s:48:20:48:Infinity":4,"s:50:4:54:Infinity":5,"f:50:11:50:19":2,"b:51:6:51:Infinity:undefined:undefined:undefined:undefined":1,"s:51:6:51:Infinity":6,"s:51:27:51:Infinity":7,"b:52:6:52:Infinity:undefined:undefined:undefined:undefined":2,"s:52:6:52:Infinity":8,"s:52:34:52:Infinity":9,"b:53:6:53:Infinity:undefined:undefined:undefined:undefined":3,"s:53:6:53:Infinity":10,"f:53:19:53:24":3,"s:53:31:53:49":11,"s:53:52:53:Infinity":12,"s:56:4:56:Infinity":13,"s:59:2:59:Infinity":14,"f:59:13:59:19":4,"s:59:28:59:45":15,"s:61:18:61:Infinity":16,"f:61:29:61:36":5,"s:61:41:61:52":17,"b:63:2:65:Infinity:undefined:undefined:undefined:undefined":4,"s:63:2:65:Infinity":18,"s:64:4:64:Infinity":19,"s:67:2:67:Infinity":20,"f:67:17:67:21":6,"s:67:26:67:35":21},"fnNames":{}}}
,"D:\\PathAI_Fan\\src\\components\\ZoneBadge.jsx": {"path":"D:\\PathAI_Fan\\src\\components\\ZoneBadge.jsx","statementMap":{"0":{"start":{"line":1,"column":20},"end":{"line":4,"column":null}},"1":{"start":{"line":7,"column":16},"end":{"line":7,"column":null}},"2":{"start":{"line":8,"column":18},"end":{"line":8,"column":null}},"3":{"start":{"line":9,"column":19},"end":{"line":9,"column":null}},"4":{"start":{"line":11,"column":2},"end":{"line":19,"column":null}}},"fnMap":{"0":{"name":"ZoneBadge","decl":{"start":{"line":6,"column":24},"end":{"line":6,"column":34}},"loc":{"start":{"line":6,"column":57},"end":{"line":21,"column":null}},"line":6}},"branchMap":{"0":{"loc":{"start":{"line":6,"column":42},"end":{"line":6,"column":57}},"type":"default-arg","locations":[{"start":{"line":6,"column":49},"end":{"line":6,"column":57}}],"line":6},"1":{"loc":{"start":{"line":7,"column":16},"end":{"line":7,"column":null}},"type":"binary-expr","locations":[{"start":{"line":7,"column":16},"end":{"line":7,"column":37}},{"start":{"line":7,"column":37},"end":{"line":7,"column":null}}],"line":7},"2":{"loc":{"start":{"line":8,"column":18},"end":{"line":8,"column":null}},"type":"cond-expr","locations":[{"start":{"line":8,"column":34},"end":{"line":8,"column":46}},{"start":{"line":8,"column":46},"end":{"line":8,"column":null}}],"line":8},"3":{"loc":{"start":{"line":8,"column":46},"end":{"line":8,"column":null}},"type":"cond-expr","locations":[{"start":{"line":8,"column":62},"end":{"line":8,"column":75}},{"start":{"line":8,"column":75},"end":{"line":8,"column":null}}],"line":8},"4":{"loc":{"start":{"line":9,"column":19},"end":{"line":9,"column":null}},"type":"cond-expr","locations":[{"start":{"line":9,"column":35},"end":{"line":9,"column":46}},{"start":{"line":9,"column":46},"end":{"line":9,"column":null}}],"line":9},"5":{"loc":{"start":{"line":9,"column":46},"end":{"line":9,"column":null}},"type":"cond-expr","locations":[{"start":{"line":9,"column":62},"end":{"line":9,"column":71}},{"start":{"line":9,"column":71},"end":{"line":9,"column":null}}],"line":9}},"s":{"0":1,"1":3,"2":3,"3":3,"4":3},"f":{"0":3},"b":{"0":[3],"1":[3,1],"2":[1,2],"3":[0,2],"4":[1,2],"5":[0,2]},"meta":{"lastBranch":6,"lastFunction":1,"lastStatement":5,"seen":{"s:1:20:4:Infinity":0,"f:6:24:6:34":0,"b:6:49:6:57":0,"s:7:16:7:Infinity":1,"b:7:16:7:37:7:37:7:Infinity":1,"s:8:18:8:Infinity":2,"b:8:34:8:46:8:46:8:Infinity":2,"b:8:62:8:75:8:75:8:Infinity":3,"s:9:19:9:Infinity":3,"b:9:35:9:46:9:46:9:Infinity":4,"b:9:62:9:71:9:71:9:Infinity":5,"s:11:2:19:Infinity":4},"fnNames":{}}}
,"D:\\PathAI_Fan\\src\\context\\authHelpers.js": {"path":"D:\\PathAI_Fan\\src\\context\\authHelpers.js","statementMap":{"0":{"start":{"line":5,"column":14},"end":{"line":13,"column":null}},"1":{"start":{"line":5,"column":34},"end":{"line":5,"column":53}},"2":{"start":{"line":14,"column":2},"end":{"line":14,"column":null}},"3":{"start":{"line":18,"column":16},"end":{"line":18,"column":null}},"4":{"start":{"line":18,"column":37},"end":{"line":18,"column":56}},"5":{"start":{"line":19,"column":2},"end":{"line":19,"column":null}},"6":{"start":{"line":24,"column":17},"end":{"line":24,"column":null}},"7":{"start":{"line":25,"column":18},"end":{"line":25,"column":null}},"8":{"start":{"line":26,"column":2},"end":{"line":32,"column":null}},"9":{"start":{"line":27,"column":4},"end":{"line":31,"column":null}},"10":{"start":{"line":28,"column":6},"end":{"line":28,"column":null}},"11":{"start":{"line":30,"column":6},"end":{"line":30,"column":null}},"12":{"start":{"line":33,"column":26},"end":{"line":33,"column":null}},"13":{"start":{"line":34,"column":2},"end":{"line":34,"column":null}},"14":{"start":{"line":38,"column":2},"end":{"line":40,"column":null}},"15":{"start":{"line":39,"column":4},"end":{"line":39,"column":null}},"16":{"start":{"line":41,"column":17},"end":{"line":41,"column":null}},"17":{"start":{"line":42,"column":18},"end":{"line":42,"column":null}},"18":{"start":{"line":43,"column":2},"end":{"line":47,"column":null}},"19":{"start":{"line":44,"column":4},"end":{"line":44,"column":null}},"20":{"start":{"line":46,"column":4},"end":{"line":46,"column":null}},"21":{"start":{"line":48,"column":2},"end":{"line":48,"column":null}},"22":{"start":{"line":49,"column":2},"end":{"line":49,"column":null}},"23":{"start":{"line":50,"column":2},"end":{"line":50,"column":null}}},"fnMap":{"0":{"name":"loginAsFan","decl":{"start":{"line":4,"column":16},"end":{"line":4,"column":27}},"loc":{"start":{"line":4,"column":45},"end":{"line":15,"column":null}},"line":4},"1":{"name":"(anonymous_1)","decl":{"start":{"line":5,"column":24},"end":{"line":5,"column":29}},"loc":{"start":{"line":5,"column":34},"end":{"line":5,"column":53}},"line":5},"2":{"name":"loginAsStaff","decl":{"start":{"line":17,"column":16},"end":{"line":17,"column":29}},"loc":{"start":{"line":17,"column":47},"end":{"line":20,"column":null}},"line":17},"3":{"name":"(anonymous_3)","decl":{"start":{"line":18,"column":27},"end":{"line":18,"column":32}},"loc":{"start":{"line":18,"column":37},"end":{"line":18,"column":56}},"line":18},"4":{"name":"checkPassword","decl":{"start":{"line":23,"column":16},"end":{"line":23,"column":30}},"loc":{"start":{"line":23,"column":48},"end":{"line":35,"column":null}},"line":23},"5":{"name":"updatePassword","decl":{"start":{"line":37,"column":16},"end":{"line":37,"column":31}},"loc":{"start":{"line":37,"column":69},"end":{"line":51,"column":null}},"line":37}},"branchMap":{"0":{"loc":{"start":{"line":5,"column":14},"end":{"line":13,"column":null}},"type":"binary-expr","locations":[{"start":{"line":5,"column":14},"end":{"line":5,"column":58}},{"start":{"line":5,"column":58},"end":{"line":13,"column":null}}],"line":5},"1":{"loc":{"start":{"line":18,"column":16},"end":{"line":18,"column":null}},"type":"binary-expr","locations":[{"start":{"line":18,"column":16},"end":{"line":18,"column":61}},{"start":{"line":18,"column":61},"end":{"line":18,"column":null}}],"line":18},"2":{"loc":{"start":{"line":26,"column":2},"end":{"line":32,"column":null}},"type":"if","locations":[{"start":{"line":26,"column":2},"end":{"line":32,"column":null}},{"start":{},"end":{}}],"line":26},"3":{"loc":{"start":{"line":33,"column":26},"end":{"line":33,"column":null}},"type":"binary-expr","locations":[{"start":{"line":33,"column":26},"end":{"line":33,"column":47}},{"start":{"line":33,"column":47},"end":{"line":33,"column":null}}],"line":33},"4":{"loc":{"start":{"line":38,"column":2},"end":{"line":40,"column":null}},"type":"if","locations":[{"start":{"line":38,"column":2},"end":{"line":40,"column":null}},{"start":{},"end":{}}],"line":38},"5":{"loc":{"start":{"line":41,"column":17},"end":{"line":41,"column":null}},"type":"binary-expr","locations":[{"start":{"line":41,"column":17},"end":{"line":41,"column":66}},{"start":{"line":41,"column":66},"end":{"line":41,"column":null}}],"line":41}},"s":{"0":0,"1":0,"2":0,"3":0,"4":0,"5":0,"6":4,"7":4,"8":4,"9":1,"10":1,"11":0,"12":4,"13":4,"14":2,"15":1,"16":1,"17":2,"18":2,"19":2,"20":0,"21":1,"22":1,"23":1},"f":{"0":0,"1":0,"2":0,"3":0,"4":4,"5":2},"b":{"0":[0,0],"1":[0,0],"2":[1,3],"3":[4,3],"4":[1,1],"5":[1,0]},"meta":{"lastBranch":6,"lastFunction":6,"lastStatement":24,"seen":{"f:4:16:4:27":0,"s:5:14:13:Infinity":0,"b:5:14:5:58:5:58:13:Infinity":0,"f:5:24:5:29":1,"s:5:34:5:53":1,"s:14:2:14:Infinity":2,"f:17:16:17:29":2,"s:18:16:18:Infinity":3,"b:18:16:18:61:18:61:18:Infinity":1,"f:18:27:18:32":3,"s:18:37:18:56":4,"s:19:2:19:Infinity":5,"f:23:16:23:30":4,"s:24:17:24:Infinity":6,"s:25:18:25:Infinity":7,"b:26:2:32:Infinity:undefined:undefined:undefined:undefined":2,"s:26:2:32:Infinity":8,"s:27:4:31:Infinity":9,"s:28:6:28:Infinity":10,"s:30:6:30:Infinity":11,"s:33:26:33:Infinity":12,"b:33:26:33:47:33:47:33:Infinity":3,"s:34:2:34:Infinity":13,"f:37:16:37:31":5,"b:38:2:40:Infinity:undefined:undefined:undefined:undefined":4,"s:38:2:40:Infinity":14,"s:39:4:39:Infinity":15,"s:41:17:41:Infinity":16,"b:41:17:41:66:41:66:41:Infinity":5,"s:42:18:42:Infinity":17,"s:43:2:47:Infinity":18,"s:44:4:44:Infinity":19,"s:46:4:46:Infinity":20,"s:48:2:48:Infinity":21,"s:49:2:49:Infinity":22,"s:50:2:50:Infinity":23},"fnNames":{}}}
,"D:\\PathAI_Fan\\src\\data\\mock_data.js": {"path":"D:\\PathAI_Fan\\src\\data\\mock_data.js","statementMap":{"0":{"start":{"line":4,"column":25},"end":{"line":45,"column":null}},"1":{"start":{"line":47,"column":26},"end":{"line":88,"column":null}},"2":{"start":{"line":90,"column":30},"end":{"line":143,"column":null}},"3":{"start":{"line":145,"column":33},"end":{"line":154,"column":null}},"4":{"start":{"line":156,"column":26},"end":{"line":174,"column":null}},"5":{"start":{"line":176,"column":26},"end":{"line":183,"column":null}},"6":{"start":{"line":187,"column":2},"end":{"line":187,"column":null}},"7":{"start":{"line":187,"column":19},"end":{"line":187,"column":null}},"8":{"start":{"line":188,"column":17},"end":{"line":188,"column":null}},"9":{"start":{"line":189,"column":16},"end":{"line":189,"column":null}},"10":{"start":{"line":190,"column":2},"end":{"line":190,"column":null}},"11":{"start":{"line":193,"column":28},"end":{"line":202,"column":null}},"12":{"start":{"line":206,"column":40},"end":{"line":206,"column":null}},"13":{"start":{"line":208,"column":29},"end":{"line":217,"column":null}},"14":{"start":{"line":220,"column":31},"end":{"line":229,"column":null}},"15":{"start":{"line":232,"column":14},"end":{"line":232,"column":null}},"16":{"start":{"line":233,"column":22},"end":{"line":233,"column":null}},"17":{"start":{"line":234,"column":22},"end":{"line":234,"column":null}},"18":{"start":{"line":236,"column":2},"end":{"line":238,"column":null}},"19":{"start":{"line":237,"column":4},"end":{"line":237,"column":null}},"20":{"start":{"line":239,"column":2},"end":{"line":239,"column":null}}},"fnMap":{"0":{"name":"getSeatZone","decl":{"start":{"line":186,"column":16},"end":{"line":186,"column":28}},"loc":{"start":{"line":186,"column":40},"end":{"line":191,"column":null}},"line":186},"1":{"name":"getEvacuationGate","decl":{"start":{"line":231,"column":16},"end":{"line":231,"column":34}},"loc":{"start":{"line":231,"column":64},"end":{"line":240,"column":null}},"line":231}},"branchMap":{"0":{"loc":{"start":{"line":187,"column":2},"end":{"line":187,"column":null}},"type":"if","locations":[{"start":{"line":187,"column":2},"end":{"line":187,"column":null}},{"start":{},"end":{}}],"line":187},"1":{"loc":{"start":{"line":190,"column":9},"end":{"line":190,"column":null}},"type":"cond-expr","locations":[{"start":{"line":190,"column":34},"end":{"line":190,"column":43}},{"start":{"line":190,"column":43},"end":{"line":190,"column":null}}],"line":190},"2":{"loc":{"start":{"line":231,"column":40},"end":{"line":231,"column":64}},"type":"default-arg","locations":[{"start":{"line":231,"column":60},"end":{"line":231,"column":64}}],"line":231},"3":{"loc":{"start":{"line":232,"column":14},"end":{"line":232,"column":null}},"type":"binary-expr","locations":[{"start":{"line":232,"column":14},"end":{"line":232,"column":37}},{"start":{"line":232,"column":37},"end":{"line":232,"column":null}}],"line":232},"4":{"loc":{"start":{"line":233,"column":22},"end":{"line":233,"column":null}},"type":"binary-expr","locations":[{"start":{"line":233,"column":22},"end":{"line":233,"column":56}},{"start":{"line":233,"column":56},"end":{"line":233,"column":null}}],"line":233},"5":{"loc":{"start":{"line":234,"column":22},"end":{"line":234,"column":null}},"type":"binary-expr","locations":[{"start":{"line":234,"column":22},"end":{"line":234,"column":63}},{"start":{"line":234,"column":63},"end":{"line":234,"column":null}}],"line":234},"6":{"loc":{"start":{"line":236,"column":2},"end":{"line":238,"column":null}},"type":"if","locations":[{"start":{"line":236,"column":2},"end":{"line":238,"column":null}},{"start":{},"end":{}}],"line":236}},"s":{"0":1,"1":1,"2":1,"3":1,"4":1,"5":1,"6":0,"7":0,"8":0,"9":0,"10":0,"11":1,"12":1,"13":1,"14":1,"15":0,"16":0,"17":0,"18":0,"19":0,"20":0},"f":{"0":0,"1":0},"b":{"0":[0,0],"1":[0,0],"2":[0],"3":[0,0],"4":[0,0],"5":[0,0],"6":[0,0]},"meta":{"lastBranch":7,"lastFunction":2,"lastStatement":21,"seen":{"s:4:25:45:Infinity":0,"s:47:26:88:Infinity":1,"s:90:30:143:Infinity":2,"s:145:33:154:Infinity":3,"s:156:26:174:Infinity":4,"s:176:26:183:Infinity":5,"f:186:16:186:28":0,"b:187:2:187:Infinity:undefined:undefined:undefined:undefined":0,"s:187:2:187:Infinity":6,"s:187:19:187:Infinity":7,"s:188:17:188:Infinity":8,"s:189:16:189:Infinity":9,"s:190:2:190:Infinity":10,"b:190:34:190:43:190:43:190:Infinity":1,"s:193:28:202:Infinity":11,"s:206:40:206:Infinity":12,"s:208:29:217:Infinity":13,"s:220:31:229:Infinity":14,"f:231:16:231:34":1,"b:231:60:231:64":2,"s:232:14:232:Infinity":15,"b:232:14:232:37:232:37:232:Infinity":3,"s:233:22:233:Infinity":16,"b:233:22:233:56:233:56:233:Infinity":4,"s:234:22:234:Infinity":17,"b:234:22:234:63:234:63:234:Infinity":5,"b:236:2:238:Infinity:undefined:undefined:undefined:undefined":6,"s:236:2:238:Infinity":18,"s:237:4:237:Infinity":19,"s:239:2:239:Infinity":20},"fnNames":{}}}
}
