{"D:\\PathAI_Fan\\api\\vectorStore.js": {"path":"D:\\PathAI_Fan\\api\\vectorStore.js","statementMap":{"0":{"start":{"line":9,"column":31},"end":{"line":40,"column":null}},"1":{"start":{"line":43,"column":17},"end":{"line":43,"column":null}},"2":{"start":{"line":46,"column":21},"end":{"line":57,"column":null}},"3":{"start":{"line":47,"column":16},"end":{"line":47,"column":null}},"4":{"start":{"line":48,"column":20},"end":{"line":48,"column":null}},"5":{"start":{"line":50,"column":4},"end":{"line":54,"column":null}},"6":{"start":{"line":51,"column":6},"end":{"line":51,"column":null}},"7":{"start":{"line":51,"column":27},"end":{"line":51,"column":null}},"8":{"start":{"line":52,"column":6},"end":{"line":52,"column":null}},"9":{"start":{"line":52,"column":34},"end":{"line":52,"column":null}},"10":{"start":{"line":53,"column":6},"end":{"line":53,"column":null}},"11":{"start":{"line":53,"column":31},"end":{"line":53,"column":49}},"12":{"start":{"line":53,"column":52},"end":{"line":53,"column":null}},"13":{"start":{"line":56,"column":4},"end":{"line":56,"column":null}},"14":{"start":{"line":59,"column":2},"end":{"line":59,"column":null}},"15":{"start":{"line":59,"column":28},"end":{"line":59,"column":45}},"16":{"start":{"line":61,"column":18},"end":{"line":61,"column":null}},"17":{"start":{"line":61,"column":41},"end":{"line":61,"column":52}},"18":{"start":{"line":63,"column":2},"end":{"line":65,"column":null}},"19":{"start":{"line":64,"column":4},"end":{"line":64,"column":null}},"20":{"start":{"line":67,"column":2},"end":{"line":67,"column":null}},"21":{"start":{"line":67,"column":26},"end":{"line":67,"column":35}}},"fnMap":{"0":{"name":"queryVectorDB","decl":{"start":{"line":42,"column":16},"end":{"line":42,"column":30}},"loc":{"start":{"line":42,"column":48},"end":{"line":68,"column":null}},"line":42},"1":{"name":"(anonymous_1)","decl":{"start":{"line":46,"column":44},"end":{"line":46,"column":48}},"loc":{"start":{"line":46,"column":55},"end":{"line":57,"column":3}},"line":46},"2":{"name":"(anonymous_2)","decl":{"start":{"line":50,"column":11},"end":{"line":50,"column":19}},"loc":{"start":{"line":50,"column":27},"end":{"line":54,"column":5}},"line":50},"3":{"name":"(anonymous_3)","decl":{"start":{"line":53,"column":19},"end":{"line":53,"column":24}},"loc":{"start":{"line":53,"column":31},"end":{"line":53,"column":49}},"line":53},"4":{"name":"(anonymous_4)","decl":{"start":{"line":59,"column":13},"end":{"line":59,"column":19}},"loc":{"start":{"line":59,"column":28},"end":{"line":59,"column":45}},"line":59},"5":{"name":"(anonymous_5)","decl":{"start":{"line":61,"column":29},"end":{"line":61,"column":36}},"loc":{"start":{"line":61,"column":41},"end":{"line":61,"column":52}},"line":61},"6":{"name":"(anonymous_6)","decl":{"start":{"line":67,"column":17},"end":{"line":67,"column":21}},"loc":{"start":{"line":67,"column":26},"end":{"line":67,"column":35}},"line":67}},"branchMap":{"0":{"loc":{"start":{"line":42,"column":37},"end":{"line":42,"column":48}},"type":"default-arg","locations":[{"start":{"line":42,"column":45},"end":{"line":42,"column":48}}],"line":42},"1":{"loc":{"start":{"line":51,"column":6},"end":{"line":51,"column":null}},"type":"if","locations":[{"start":{"line":51,"column":6},"end":{"line":51,"column":null}},{"start":{},"end":{}}],"line":51},"2":{"loc":{"start":{"line":52,"column":6},"end":{"line":52,"column":null}},"type":"if","locations":[{"start":{"line":52,"column":6},"end":{"line":52,"column":null}},{"start":{},"end":{}}],"line":52},"3":{"loc":{"start":{"line":53,"column":6},"end":{"line":53,"column":null}},"type":"if","locations":[{"start":{"line":53,"column":6},"end":{"line":53,"column":null}},{"start":{},"end":{}}],"line":53},"4":{"loc":{"start":{"line":63,"column":2},"end":{"line":65,"column":null}},"type":"if","locations":[{"start":{"line":63,"column":2},"end":{"line":65,"column":null}},{"start":{},"end":{}}],"line":63}},"s":{"0":1,"1":3,"2":3,"3":18,"4":18,"5":18,"6":54,"7":6,"8":48,"9":11,"10":48,"11":284,"12":2,"13":18,"14":3,"15":25,"16":3,"17":18,"18":3,"19":1,"20":2,"21":4},"f":{"0":3,"1":18,"2":54,"3":284,"4":25,"5":18,"6":4},"b":{"0":[3],"1":[6,48],"2":[11,37],"3":[2,46],"4":[1,2]},"meta":{"lastBranch":5,"lastFunction":7,"lastStatement":22,"seen":{"s:9:31:40:Infinity":0,"f:42:16:42:30":0,"b:42:45:42:48":0,"s:43:17:43:Infinity":1,"s:46:21:57:Infinity":2,"f:46:44:46:48":1,"s:47:16:47:Infinity":3,"s:48:20:48:Infinity":4,"s:50:4:54:Infinity":5,"f:50:11:50:19":2,"b:51:6:51:Infinity:undefined:undefined:undefined:undefined":1,"s:51:6:51:Infinity":6,"s:51:27:51:Infinity":7,"b:52:6:52:Infinity:undefined:undefined:undefined:undefined":2,"s:52:6:52:Infinity":8,"s:52:34:52:Infinity":9,"b:53:6:53:Infinity:undefined:undefined:undefined:undefined":3,"s:53:6:53:Infinity":10,"f:53:19:53:24":3,"s:53:31:53:49":11,"s:53:52:53:Infinity":12,"s:56:4:56:Infinity":13,"s:59:2:59:Infinity":14,"f:59:13:59:19":4,"s:59:28:59:45":15,"s:61:18:61:Infinity":16,"f:61:29:61:36":5,"s:61:41:61:52":17,"b:63:2:65:Infinity:undefined:undefined:undefined:undefined":4,"s:63:2:65:Infinity":18,"s:64:4:64:Infinity":19,"s:67:2:67:Infinity":20,"f:67:17:67:21":6,"s:67:26:67:35":21},"fnNames":{}}}
,"D:\\PathAI_Fan\\src\\components\\ChatBar.jsx": {"path":"D:\\PathAI_Fan\\src\\components\\ChatBar.jsx","statementMap":{"0":{"start":{"line":8,"column":66},"end":{"line":8,"column":74}},"1":{"start":{"line":9,"column":28},"end":{"line":9,"column":null}},"2":{"start":{"line":10,"column":19},"end":{"line":10,"column":31}},"3":{"start":{"line":11,"column":25},"end":{"line":11,"column":null}},"4":{"start":{"line":12,"column":19},"end":{"line":12,"column":null}},"5":{"start":{"line":14,"column":2},"end":{"line":19,"column":null}},"6":{"start":{"line":15,"column":4},"end":{"line":18,"column":null}},"7":{"start":{"line":16,"column":6},"end":{"line":16,"column":null}},"8":{"start":{"line":16,"column":23},"end":{"line":16,"column":50}},"9":{"start":{"line":17,"column":6},"end":{"line":17,"column":null}},"10":{"start":{"line":21,"column":8},"end":{"line":25,"column":null}},"11":{"start":{"line":22,"column":4},"end":{"line":22,"column":null}},"12":{"start":{"line":22,"column":36},"end":{"line":22,"column":null}},"13":{"start":{"line":23,"column":4},"end":{"line":23,"column":null}},"14":{"start":{"line":24,"column":4},"end":{"line":24,"column":null}},"15":{"start":{"line":27,"column":24},"end":{"line":33,"column":null}},"16":{"start":{"line":35,"column":2},"end":{"line":161,"column":null}},"17":{"start":{"line":39,"column":23},"end":{"line":39,"column":null}},"18":{"start":{"line":39,"column":38},"end":{"line":39,"column":40}},"19":{"start":{"line":77,"column":37},"end":{"line":77,"column":55}},"20":{"start":{"line":85,"column":16},"end":{"line":92,"column":null}},"21":{"start":{"line":87,"column":33},"end":{"line":87,"column":null}},"22":{"start":{"line":99,"column":16},"end":{"line":121,"column":null}},"23":{"start":{"line":142,"column":33},"end":{"line":142,"column":null}},"24":{"start":{"line":143,"column":34},"end":{"line":143,"column":null}}},"fnMap":{"0":{"name":"ChatBar","decl":{"start":{"line":7,"column":24},"end":{"line":7,"column":34}},"loc":{"start":{"line":7,"column":34},"end":{"line":163,"column":null}},"line":7},"1":{"name":"(anonymous_1)","decl":{"start":{"line":14,"column":2},"end":{"line":14,"column":18}},"loc":{"start":{"line":14,"column":18},"end":{"line":19,"column":5}},"line":14},"2":{"name":"(anonymous_2)","decl":{"start":{"line":16,"column":6},"end":{"line":16,"column":23}},"loc":{"start":{"line":16,"column":23},"end":{"line":16,"column":50}},"line":16},"3":{"name":"(anonymous_3)","decl":{"start":{"line":21,"column":8},"end":{"line":21,"column":27}},"loc":{"start":{"line":21,"column":27},"end":{"line":25,"column":null}},"line":21},"4":{"name":"(anonymous_4)","decl":{"start":{"line":39,"column":8},"end":{"line":39,"column":23}},"loc":{"start":{"line":39,"column":23},"end":{"line":39,"column":null}},"line":39},"5":{"name":"(anonymous_5)","decl":{"start":{"line":39,"column":23},"end":{"line":39,"column":33}},"loc":{"start":{"line":39,"column":38},"end":{"line":39,"column":40}},"line":39},"6":{"name":"(anonymous_6)","decl":{"start":{"line":77,"column":22},"end":{"line":77,"column":37}},"loc":{"start":{"line":77,"column":37},"end":{"line":77,"column":55}},"line":77},"7":{"name":"(anonymous_7)","decl":{"start":{"line":84,"column":29},"end":{"line":84,"column":33}},"loc":{"start":{"line":85,"column":16},"end":{"line":92,"column":null}},"line":85},"8":{"name":"(anonymous_8)","decl":{"start":{"line":87,"column":18},"end":{"line":87,"column":33}},"loc":{"start":{"line":87,"column":33},"end":{"line":87,"column":null}},"line":87},"9":{"name":"(anonymous_9)","decl":{"start":{"line":98,"column":24},"end":{"line":98,"column":28}},"loc":{"start":{"line":99,"column":16},"end":{"line":121,"column":null}},"line":99},"10":{"name":"(anonymous_10)","decl":{"start":{"line":142,"column":18},"end":{"line":142,"column":28}},"loc":{"start":{"line":142,"column":33},"end":{"line":142,"column":null}},"line":142},"11":{"name":"(anonymous_11)","decl":{"start":{"line":143,"column":18},"end":{"line":143,"column":29}},"loc":{"start":{"line":143,"column":34},"end":{"line":143,"column":null}},"line":143}},"branchMap":{"0":{"loc":{"start":{"line":15,"column":4},"end":{"line":18,"column":null}},"type":"if","locations":[{"start":{"line":15,"column":4},"end":{"line":18,"column":null}},{"start":{},"end":{}}],"line":15},"1":{"loc":{"start":{"line":22,"column":4},"end":{"line":22,"column":null}},"type":"if","locations":[{"start":{"line":22,"column":4},"end":{"line":22,"column":null}},{"start":{},"end":{}}],"line":22},"2":{"loc":{"start":{"line":22,"column":8},"end":{"line":22,"column":36}},"type":"binary-expr","locations":[{"start":{"line":22,"column":8},"end":{"line":22,"column":25}},{"start":{"line":22,"column":25},"end":{"line":22,"column":36}}],"line":22},"3":{"loc":{"start":{"line":42,"column":22},"end":{"line":42,"column":null}},"type":"cond-expr","locations":[{"start":{"line":42,"column":31},"end":{"line":42,"column":40}},{"start":{"line":42,"column":40},"end":{"line":42,"column":null}}],"line":42},"4":{"loc":{"start":{"line":43,"column":21},"end":{"line":43,"column":null}},"type":"cond-expr","locations":[{"start":{"line":43,"column":30},"end":{"line":43,"column":39}},{"start":{"line":43,"column":39},"end":{"line":43,"column":null}}],"line":43},"5":{"loc":{"start":{"line":47,"column":9},"end":{"line":47,"column":null}},"type":"cond-expr","locations":[{"start":{"line":47,"column":18},"end":{"line":47,"column":50}},{"start":{"line":47,"column":49},"end":{"line":47,"column":null}}],"line":47},"6":{"loc":{"start":{"line":52,"column":9},"end":{"line":160,"column":null}},"type":"binary-expr","locations":[{"start":{"line":52,"column":9},"end":{"line":52,"column":null}},{"start":{"line":53,"column":10},"end":{"line":160,"column":null}}],"line":52},"7":{"loc":{"start":{"line":99,"column":59},"end":{"line":99,"column":113}},"type":"cond-expr","locations":[{"start":{"line":99,"column":81},"end":{"line":99,"column":97}},{"start":{"line":99,"column":97},"end":{"line":99,"column":113}}],"line":99},"8":{"loc":{"start":{"line":100,"column":19},"end":{"line":103,"column":null}},"type":"binary-expr","locations":[{"start":{"line":100,"column":19},"end":{"line":100,"column":null}},{"start":{"line":101,"column":20},"end":{"line":103,"column":null}}],"line":100},"9":{"loc":{"start":{"line":106,"column":80},"end":{"line":106,"column":null}},"type":"cond-expr","locations":[{"start":{"line":106,"column":100},"end":{"line":106,"column":119}},{"start":{"line":106,"column":119},"end":{"line":106,"column":null}}],"line":106},"10":{"loc":{"start":{"line":110,"column":21},"end":{"line":115,"column":null}},"type":"binary-expr","locations":[{"start":{"line":110,"column":21},"end":{"line":110,"column":null}},{"start":{"line":111,"column":22},"end":{"line":115,"column":null}}],"line":110},"11":{"loc":{"start":{"line":116,"column":19},"end":{"line":119,"column":null}},"type":"binary-expr","locations":[{"start":{"line":116,"column":19},"end":{"line":116,"column":null}},{"start":{"line":117,"column":20},"end":{"line":119,"column":null}}],"line":116},"12":{"loc":{"start":{"line":123,"column":15},"end":{"line":131,"column":null}},"type":"binary-expr","locations":[{"start":{"line":123,"column":15},"end":{"line":123,"column":null}},{"start":{"line":124,"column":16},"end":{"line":131,"column":null}}],"line":123},"13":{"loc":{"start":{"line":143,"column":34},"end":{"line":143,"column":null}},"type":"binary-expr","locations":[{"start":{"line":143,"column":34},"end":{"line":143,"column":55}},{"start":{"line":143,"column":55},"end":{"line":143,"column":null}}],"line":143},"14":{"loc":{"start":{"line":150,"column":28},"end":{"line":150,"column":null}},"type":"binary-expr","locations":[{"start":{"line":150,"column":28},"end":{"line":150,"column":45}},{"start":{"line":150,"column":45},"end":{"line":150,"column":null}}],"line":150}},"s":{"0":4,"1":4,"2":4,"3":4,"4":4,"5":4,"6":2,"7":1,"8":1,"9":1,"10":4,"11":1,"12":0,"13":1,"14":1,"15":4,"16":4,"17":1,"18":0,"19":0,"20":15,"21":0,"22":6,"23":1,"24":0},"f":{"0":4,"1":2,"2":1,"3":1,"4":1,"5":0,"6":0,"7":15,"8":0,"9":6,"10":1,"11":0},"b":{"0":[1,1],"1":[0,1],"2":[1,1],"3":[3,1],"4":[3,1],"5":[3,1],"6":[4,3],"7":[3,3],"8":[6,3],"9":[3,3],"10":[6,0],"11":[6,3],"12":[3,0],"13":[0,0],"14":[3,1]},"meta":{"lastBranch":15,"lastFunction":12,"lastStatement":25,"seen":{"f:7:24:7:34":0,"s:8:66:8:74":0,"s:9:28:9:Infinity":1,"s:10:19:10:31":2,"s:11:25:11:Infinity":3,"s:12:19:12:Infinity":4,"s:14:2:19:Infinity":5,"f:14:2:14:18":1,"b:15:4:18:Infinity:undefined:undefined:undefined:undefined":0,"s:15:4:18:Infinity":6,"s:16:6:16:Infinity":7,"f:16:6:16:23":2,"s:16:23:16:50":8,"s:17:6:17:Infinity":9,"s:21:8:25:Infinity":10,"f:21:8:21:27":3,"b:22:4:22:Infinity:undefined:undefined:undefined:undefined":1,"s:22:4:22:Infinity":11,"b:22:8:22:25:22:25:22:36":2,"s:22:36:22:Infinity":12,"s:23:4:23:Infinity":13,"s:24:4:24:Infinity":14,"s:27:24:33:Infinity":15,"s:35:2:161:Infinity":16,"f:39:8:39:23":4,"s:39:23:39:Infinity":17,"f:39:23:39:33":5,"s:39:38:39:40":18,"b:42:31:42:40:42:40:42:Infinity":3,"b:43:30:43:39:43:39:43:Infinity":4,"b:47:18:47:50:47:49:47:Infinity":5,"b:52:9:52:Infinity:53:10:160:Infinity":6,"f:77:22:77:37":6,"s:77:37:77:55":19,"f:84:29:84:33":7,"s:85:16:92:Infinity":20,"f:87:18:87:33":8,"s:87:33:87:Infinity":21,"f:98:24:98:28":9,"s:99:16:121:Infinity":22,"b:99:81:99:97:99:97:99:113":7,"b:100:19:100:Infinity:101:20:103:Infinity":8,"b:106:100:106:119:106:119:106:Infinity":9,"b:110:21:110:Infinity:111:22:115:Infinity":10,"b:116:19:116:Infinity:117:20:119:Infinity":11,"b:123:15:123:Infinity:124:16:131:Infinity":12,"f:142:18:142:28":10,"s:142:33:142:Infinity":23,"f:143:18:143:29":11,"s:143:34:143:Infinity":24,"b:143:34:143:55:143:55:143:Infinity":13,"b:150:28:150:45:150:45:150:Infinity":14},"fnNames":{}}}
,"D:\\PathAI_Fan\\src\\components\\LiveScoreWidget.jsx": {"path":"D:\\PathAI_Fan\\src\\components\\LiveScoreWidget.jsx","statementMap":{"0":{"start":{"line":4,"column":2},"end":{"line":13,"column":null}},"1":{"start":{"line":5,"column":4},"end":{"line":11,"column":null}},"2":{"start":{"line":6,"column":6},"end":{"line":9,"column":null}},"3":{"start":{"line":12,"column":4},"end":{"line":12,"column":null}},"4":{"start":{"line":15,"column":16},"end":{"line":15,"column":null}},"5":{"start":{"line":16,"column":17},"end":{"line":16,"column":null}},"6":{"start":{"line":18,"column":2},"end":{"line":36,"column":null}},"7":{"start":{"line":19,"column":4},"end":{"line":34,"column":null}},"8":{"start":{"line":38,"column":2},"end":{"line":82,"column":null}}},"fnMap":{"0":{"name":"LiveScoreWidget","decl":{"start":{"line":3,"column":24},"end":{"line":3,"column":40}},"loc":{"start":{"line":3,"column":76},"end":{"line":84,"column":null}},"line":3}},"branchMap":{"0":{"loc":{"start":{"line":3,"column":48},"end":{"line":3,"column":65}},"type":"default-arg","locations":[{"start":{"line":3,"column":58},"end":{"line":3,"column":65}}],"line":3},"1":{"loc":{"start":{"line":4,"column":2},"end":{"line":13,"column":null}},"type":"if","locations":[{"start":{"line":4,"column":2},"end":{"line":13,"column":null}},{"start":{},"end":{}}],"line":4},"2":{"loc":{"start":{"line":4,"column":6},"end":{"line":4,"column":36}},"type":"binary-expr","locations":[{"start":{"line":4,"column":6},"end":{"line":4,"column":15}},{"start":{"line":4,"column":15},"end":{"line":4,"column":36}}],"line":4},"3":{"loc":{"start":{"line":5,"column":4},"end":{"line":11,"column":null}},"type":"if","locations":[{"start":{"line":5,"column":4},"end":{"line":11,"column":null}},{"start":{},"end":{}}],"line":5},"4":{"loc":{"start":{"line":5,"column":8},"end":{"line":5,"column":30}},"type":"binary-expr","locations":[{"start":{"line":5,"column":8},"end":{"line":5,"column":16}},{"start":{"line":5,"column":16},"end":{"line":5,"column":30}}],"line":5},"5":{"loc":{"start":{"line":18,"column":2},"end":{"line":36,"column":null}},"type":"if","locations":[{"start":{"line":18,"column":2},"end":{"line":36,"column":null}},{"start":{},"end":{}}],"line":18},"6":{"loc":{"start":{"line":26,"column":11},"end":{"line":27,"column":11}},"type":"binary-expr","locations":[{"start":{"line":26,"column":11},"end":{"line":26,"column":21}},{"start":{"line":26,"column":21},"end":{"line":27,"column":11}}],"line":26},"7":{"loc":{"start":{"line":31,"column":84},"end":{"line":31,"column":129}},"type":"cond-expr","locations":[{"start":{"line":31,"column":93},"end":{"line":31,"column":105}},{"start":{"line":31,"column":105},"end":{"line":31,"column":129}}],"line":31},"8":{"loc":{"start":{"line":48,"column":11},"end":{"line":49,"column":11}},"type":"binary-expr","locations":[{"start":{"line":48,"column":11},"end":{"line":48,"column":21}},{"start":{"line":48,"column":21},"end":{"line":49,"column":11}}],"line":48},"9":{"loc":{"start":{"line":49,"column":86},"end":{"line":49,"column":118}},"type":"cond-expr","locations":[{"start":{"line":49,"column":95},"end":{"line":49,"column":107}},{"start":{"line":49,"column":107},"end":{"line":49,"column":118}}],"line":49},"10":{"loc":{"start":{"line":50,"column":13},"end":{"line":50,"column":null}},"type":"cond-expr","locations":[{"start":{"line":50,"column":22},"end":{"line":50,"column":32}},{"start":{"line":50,"column":32},"end":{"line":50,"column":null}}],"line":50},"11":{"loc":{"start":{"line":50,"column":32},"end":{"line":50,"column":null}},"type":"cond-expr","locations":[{"start":{"line":50,"column":62},"end":{"line":50,"column":75}},{"start":{"line":50,"column":75},"end":{"line":50,"column":null}}],"line":50},"12":{"loc":{"start":{"line":59,"column":11},"end":{"line":60,"column":11}},"type":"cond-expr","locations":[{"start":{"line":59,"column":29},"end":{"line":59,"column":119}},{"start":{"line":59,"column":118},"end":{"line":60,"column":11}}],"line":59},"13":{"loc":{"start":{"line":63,"column":11},"end":{"line":70,"column":null}},"type":"cond-expr","locations":[{"start":{"line":64,"column":12},"end":{"line":66,"column":null}},{"start":{"line":66,"column":12},"end":{"line":70,"column":null}}],"line":63},"14":{"loc":{"start":{"line":74,"column":11},"end":{"line":75,"column":11}},"type":"cond-expr","locations":[{"start":{"line":74,"column":29},"end":{"line":74,"column":119}},{"start":{"line":74,"column":118},"end":{"line":75,"column":11}}],"line":74}},"s":{"0":3,"1":1,"2":1,"3":0,"4":2,"5":2,"6":2,"7":1,"8":1},"f":{"0":3},"b":{"0":[3],"1":[1,2],"2":[3,3],"3":[1,0],"4":[1,1],"5":[1,1],"6":[1,1],"7":[1,0],"8":[1,0],"9":[0,1],"10":[0,1],"11":[1,0],"12":[0,1],"13":[1,0],"14":[0,1]},"meta":{"lastBranch":15,"lastFunction":1,"lastStatement":9,"seen":{"f:3:24:3:40":0,"b:3:58:3:65":0,"b:4:2:13:Infinity:undefined:undefined:undefined:undefined":1,"s:4:2:13:Infinity":0,"b:4:6:4:15:4:15:4:36":2,"b:5:4:11:Infinity:undefined:undefined:undefined:undefined":3,"s:5:4:11:Infinity":1,"b:5:8:5:16:5:16:5:30":4,"s:6:6:9:Infinity":2,"s:12:4:12:Infinity":3,"s:15:16:15:Infinity":4,"s:16:17:16:Infinity":5,"b:18:2:36:Infinity:undefined:undefined:undefined:undefined":5,"s:18:2:36:Infinity":6,"s:19:4:34:Infinity":7,"b:26:11:26:21:26:21:27:11":6,"b:31:93:31:105:31:105:31:129":7,"s:38:2:82:Infinity":8,"b:48:11:48:21:48:21:49:11":8,"b:49:95:49:107:49:107:49:118":9,"b:50:22:50:32:50:32:50:Infinity":10,"b:50:62:50:75:50:75:50:Infinity":11,"b:59:29:59:119:59:118:60:11":12,"b:64:12:66:Infinity:66:12:70:Infinity":13,"b:74:29:74:119:74:118:75:11":14},"fnNames":{}}}
,"D:\\PathAI_Fan\\src\\components\\ZoneBadge.jsx": {"path":"D:\\PathAI_Fan\\src\\components\\ZoneBadge.jsx","statementMap":{"0":{"start":{"line":1,"column":20},"end":{"line":4,"column":null}},"1":{"start":{"line":7,"column":16},"end":{"line":7,"column":null}},"2":{"start":{"line":8,"column":18},"end":{"line":8,"column":null}},"3":{"start":{"line":9,"column":19},"end":{"line":9,"column":null}},"4":{"start":{"line":11,"column":2},"end":{"line":19,"column":null}}},"fnMap":{"0":{"name":"ZoneBadge","decl":{"start":{"line":6,"column":24},"end":{"line":6,"column":34}},"loc":{"start":{"line":6,"column":57},"end":{"line":21,"column":null}},"line":6}},"branchMap":{"0":{"loc":{"start":{"line":6,"column":42},"end":{"line":6,"column":57}},"type":"default-arg","locations":[{"start":{"line":6,"column":49},"end":{"line":6,"column":57}}],"line":6},"1":{"loc":{"start":{"line":7,"column":16},"end":{"line":7,"column":null}},"type":"binary-expr","locations":[{"start":{"line":7,"column":16},"end":{"line":7,"column":37}},{"start":{"line":7,"column":37},"end":{"line":7,"column":null}}],"line":7},"2":{"loc":{"start":{"line":8,"column":18},"end":{"line":8,"column":null}},"type":"cond-expr","locations":[{"start":{"line":8,"column":34},"end":{"line":8,"column":46}},{"start":{"line":8,"column":46},"end":{"line":8,"column":null}}],"line":8},"3":{"loc":{"start":{"line":8,"column":46},"end":{"line":8,"column":null}},"type":"cond-expr","locations":[{"start":{"line":8,"column":62},"end":{"line":8,"column":75}},{"start":{"line":8,"column":75},"end":{"line":8,"column":null}}],"line":8},"4":{"loc":{"start":{"line":9,"column":19},"end":{"line":9,"column":null}},"type":"cond-expr","locations":[{"start":{"line":9,"column":35},"end":{"line":9,"column":46}},{"start":{"line":9,"column":46},"end":{"line":9,"column":null}}],"line":9},"5":{"loc":{"start":{"line":9,"column":46},"end":{"line":9,"column":null}},"type":"cond-expr","locations":[{"start":{"line":9,"column":62},"end":{"line":9,"column":71}},{"start":{"line":9,"column":71},"end":{"line":9,"column":null}}],"line":9}},"s":{"0":1,"1":3,"2":3,"3":3,"4":3},"f":{"0":3},"b":{"0":[3],"1":[3,1],"2":[1,2],"3":[0,2],"4":[1,2],"5":[0,2]},"meta":{"lastBranch":6,"lastFunction":1,"lastStatement":5,"seen":{"s:1:20:4:Infinity":0,"f:6:24:6:34":0,"b:6:49:6:57":0,"s:7:16:7:Infinity":1,"b:7:16:7:37:7:37:7:Infinity":1,"s:8:18:8:Infinity":2,"b:8:34:8:46:8:46:8:Infinity":2,"b:8:62:8:75:8:75:8:Infinity":3,"s:9:19:9:Infinity":3,"b:9:35:9:46:9:46:9:Infinity":4,"b:9:62:9:71:9:71:9:Infinity":5,"s:11:2:19:Infinity":4},"fnNames":{}}}
,"D:\\PathAI_Fan\\src\\hooks\\useLiveScores.js": {"path":"D:\\PathAI_Fan\\src\\hooks\\useLiveScores.js","statementMap":{"0":{"start":{"line":3,"column":17},"end":{"line":3,"column":null}},"1":{"start":{"line":6,"column":26},"end":{"line":11,"column":null}},"2":{"start":{"line":12,"column":32},"end":{"line":12,"column":null}},"3":{"start":{"line":13,"column":28},"end":{"line":13,"column":null}},"4":{"start":{"line":15,"column":22},"end":{"line":93,"column":null}},"5":{"start":{"line":16,"column":4},"end":{"line":92,"column":null}},"6":{"start":{"line":17,"column":23},"end":{"line":17,"column":null}},"7":{"start":{"line":18,"column":6},"end":{"line":18,"column":null}},"8":{"start":{"line":18,"column":24},"end":{"line":18,"column":null}},"9":{"start":{"line":19,"column":19},"end":{"line":19,"column":null}},"10":{"start":{"line":21,"column":21},"end":{"line":21,"column":null}},"11":{"start":{"line":23,"column":19},"end":{"line":23,"column":null}},"12":{"start":{"line":24,"column":23},"end":{"line":24,"column":null}},"13":{"start":{"line":25,"column":19},"end":{"line":25,"column":null}},"14":{"start":{"line":27,"column":21},"end":{"line":27,"column":null}},"15":{"start":{"line":29,"column":6},"end":{"line":72,"column":null}},"16":{"start":{"line":30,"column":23},"end":{"line":30,"column":null}},"17":{"start":{"line":31,"column":25},"end":{"line":31,"column":null}},"18":{"start":{"line":31,"column":69},"end":{"line":31,"column":90}},"19":{"start":{"line":32,"column":25},"end":{"line":32,"column":null}},"20":{"start":{"line":32,"column":69},"end":{"line":32,"column":90}},"21":{"start":{"line":35,"column":27},"end":{"line":35,"column":null}},"22":{"start":{"line":36,"column":8},"end":{"line":43,"column":null}},"23":{"start":{"line":37,"column":10},"end":{"line":42,"column":null}},"24":{"start":{"line":38,"column":12},"end":{"line":41,"column":null}},"25":{"start":{"line":39,"column":29},"end":{"line":39,"column":null}},"26":{"start":{"line":40,"column":14},"end":{"line":40,"column":null}},"27":{"start":{"line":45,"column":25},"end":{"line":62,"column":null}},"28":{"start":{"line":64,"column":8},"end":{"line":71,"column":null}},"29":{"start":{"line":65,"column":10},"end":{"line":65,"column":null}},"30":{"start":{"line":66,"column":10},"end":{"line":66,"column":null}},"31":{"start":{"line":66,"column":25},"end":{"line":66,"column":null}},"32":{"start":{"line":67,"column":15},"end":{"line":71,"column":null}},"33":{"start":{"line":68,"column":10},"end":{"line":68,"column":null}},"34":{"start":{"line":70,"column":10},"end":{"line":70,"column":null}},"35":{"start":{"line":75,"column":6},"end":{"line":78,"column":null}},"36":{"start":{"line":76,"column":8},"end":{"line":77,"column":null}},"37":{"start":{"line":76,"column":33},"end":{"line":76,"column":null}},"38":{"start":{"line":77,"column":13},"end":{"line":77,"column":null}},"39":{"start":{"line":77,"column":34},"end":{"line":77,"column":null}},"40":{"start":{"line":80,"column":6},"end":{"line":85,"column":null}},"41":{"start":{"line":86,"column":6},"end":{"line":86,"column":null}},"42":{"start":{"line":88,"column":6},"end":{"line":88,"column":null}},"43":{"start":{"line":89,"column":6},"end":{"line":89,"column":null}},"44":{"start":{"line":91,"column":6},"end":{"line":91,"column":null}},"45":{"start":{"line":95,"column":2},"end":{"line":100,"column":null}},"46":{"start":{"line":96,"column":4},"end":{"line":96,"column":null}},"47":{"start":{"line":98,"column":21},"end":{"line":98,"column":null}},"48":{"start":{"line":99,"column":4},"end":{"line":99,"column":null}},"49":{"start":{"line":99,"column":17},"end":{"line":99,"column":null}},"50":{"start":{"line":102,"column":2},"end":{"line":102,"column":null}}},"fnMap":{"0":{"name":"useLiveScores","decl":{"start":{"line":5,"column":16},"end":{"line":5,"column":32}},"loc":{"start":{"line":5,"column":32},"end":{"line":103,"column":null}},"line":5},"1":{"name":"(anonymous_1)","decl":{"start":{"line":15,"column":22},"end":{"line":15,"column":34}},"loc":{"start":{"line":15,"column":34},"end":{"line":93,"column":null}},"line":15},"2":{"name":"(anonymous_2)","decl":{"start":{"line":29,"column":13},"end":{"line":29,"column":21}},"loc":{"start":{"line":29,"column":30},"end":{"line":72,"column":7}},"line":29},"3":{"name":"(anonymous_3)","decl":{"start":{"line":31,"column":59},"end":{"line":31,"column":64}},"loc":{"start":{"line":31,"column":69},"end":{"line":31,"column":90}},"line":31},"4":{"name":"(anonymous_4)","decl":{"start":{"line":32,"column":59},"end":{"line":32,"column":64}},"loc":{"start":{"line":32,"column":69},"end":{"line":32,"column":90}},"line":32},"5":{"name":"(anonymous_5)","decl":{"start":{"line":37,"column":40},"end":{"line":37,"column":48}},"loc":{"start":{"line":37,"column":58},"end":{"line":42,"column":11}},"line":37},"6":{"name":"(anonymous_6)","decl":{"start":{"line":95,"column":2},"end":{"line":95,"column":18}},"loc":{"start":{"line":95,"column":18},"end":{"line":100,"column":5}},"line":95},"7":{"name":"(anonymous_7)","decl":{"start":{"line":99,"column":4},"end":{"line":99,"column":17}},"loc":{"start":{"line":99,"column":17},"end":{"line":99,"column":null}},"line":99}},"branchMap":{"0":{"loc":{"start":{"line":18,"column":6},"end":{"line":18,"column":null}},"type":"if","locations":[{"start":{"line":18,"column":6},"end":{"line":18,"column":null}},{"start":{},"end":{}}],"line":18},"1":{"loc":{"start":{"line":21,"column":21},"end":{"line":21,"column":null}},"type":"binary-expr","locations":[{"start":{"line":21,"column":21},"end":{"line":21,"column":36}},{"start":{"line":21,"column":36},"end":{"line":21,"column":null}}],"line":21},"2":{"loc":{"start":{"line":36,"column":8},"end":{"line":43,"column":null}},"type":"if","locations":[{"start":{"line":36,"column":8},"end":{"line":43,"column":null}},{"start":{},"end":{}}],"line":36},"3":{"loc":{"start":{"line":38,"column":12},"end":{"line":41,"column":null}},"type":"if","locations":[{"start":{"line":38,"column":12},"end":{"line":41,"column":null}},{"start":{},"end":{}}],"line":38},"4":{"loc":{"start":{"line":39,"column":29},"end":{"line":39,"column":null}},"type":"binary-expr","locations":[{"start":{"line":39,"column":29},"end":{"line":39,"column":79}},{"start":{"line":39,"column":79},"end":{"line":39,"column":null}}],"line":39},"5":{"loc":{"start":{"line":52,"column":18},"end":{"line":52,"column":null}},"type":"binary-expr","locations":[{"start":{"line":52,"column":18},"end":{"line":52,"column":49}},{"start":{"line":52,"column":49},"end":{"line":52,"column":null}}],"line":52},"6":{"loc":{"start":{"line":53,"column":19},"end":{"line":53,"column":null}},"type":"binary-expr","locations":[{"start":{"line":53,"column":19},"end":{"line":53,"column":38}},{"start":{"line":53,"column":38},"end":{"line":53,"column":null}}],"line":53},"7":{"loc":{"start":{"line":54,"column":18},"end":{"line":54,"column":null}},"type":"binary-expr","locations":[{"start":{"line":54,"column":18},"end":{"line":54,"column":42}},{"start":{"line":54,"column":42},"end":{"line":54,"column":null}}],"line":54},"8":{"loc":{"start":{"line":57,"column":18},"end":{"line":57,"column":null}},"type":"binary-expr","locations":[{"start":{"line":57,"column":18},"end":{"line":57,"column":49}},{"start":{"line":57,"column":49},"end":{"line":57,"column":null}}],"line":57},"9":{"loc":{"start":{"line":58,"column":19},"end":{"line":58,"column":null}},"type":"binary-expr","locations":[{"start":{"line":58,"column":19},"end":{"line":58,"column":38}},{"start":{"line":58,"column":38},"end":{"line":58,"column":null}}],"line":58},"10":{"loc":{"start":{"line":59,"column":18},"end":{"line":59,"column":null}},"type":"binary-expr","locations":[{"start":{"line":59,"column":18},"end":{"line":59,"column":42}},{"start":{"line":59,"column":42},"end":{"line":59,"column":null}}],"line":59},"11":{"loc":{"start":{"line":64,"column":8},"end":{"line":71,"column":null}},"type":"if","locations":[{"start":{"line":64,"column":8},"end":{"line":71,"column":null}},{"start":{"line":67,"column":15},"end":{"line":71,"column":null}}],"line":64},"12":{"loc":{"start":{"line":66,"column":10},"end":{"line":66,"column":null}},"type":"if","locations":[{"start":{"line":66,"column":10},"end":{"line":66,"column":null}},{"start":{},"end":{}}],"line":66},"13":{"loc":{"start":{"line":67,"column":15},"end":{"line":71,"column":null}},"type":"if","locations":[{"start":{"line":67,"column":15},"end":{"line":71,"column":null}},{"start":{"line":69,"column":15},"end":{"line":71,"column":null}}],"line":67},"14":{"loc":{"start":{"line":75,"column":6},"end":{"line":78,"column":null}},"type":"if","locations":[{"start":{"line":75,"column":6},"end":{"line":78,"column":null}},{"start":{},"end":{}}],"line":75},"15":{"loc":{"start":{"line":76,"column":8},"end":{"line":77,"column":null}},"type":"if","locations":[{"start":{"line":76,"column":8},"end":{"line":77,"column":null}},{"start":{"line":77,"column":13},"end":{"line":77,"column":null}}],"line":76},"16":{"loc":{"start":{"line":77,"column":13},"end":{"line":77,"column":null}},"type":"if","locations":[{"start":{"line":77,"column":13},"end":{"line":77,"column":null}},{"start":{},"end":{}}],"line":77}},"s":{"0":1,"1":4,"2":4,"3":4,"4":4,"5":2,"6":2,"7":1,"8":1,"9":1,"10":1,"11":2,"12":2,"13":2,"14":2,"15":2,"16":1,"17":1,"18":1,"19":1,"20":2,"21":1,"22":1,"23":0,"24":0,"25":0,"26":0,"27":1,"28":1,"29":1,"30":1,"31":1,"32":0,"33":0,"34":0,"35":2,"36":0,"37":0,"38":0,"39":0,"40":1,"41":1,"42":1,"43":1,"44":2,"45":4,"46":2,"47":2,"48":2,"49":2,"50":4},"f":{"0":4,"1":2,"2":1,"3":1,"4":2,"5":0,"6":2,"7":2},"b":{"0":[0,1],"1":[1,0],"2":[0,1],"3":[0,0],"4":[0,0],"5":[1,0],"6":[1,0],"7":[1,0],"8":[1,0],"9":[1,0],"10":[1,0],"11":[1,0],"12":[1,0],"13":[0,0],"14":[0,2],"15":[0,0],"16":[0,0]},"meta":{"lastBranch":17,"lastFunction":8,"lastStatement":51,"seen":{"s:3:17:3:Infinity":0,"f:5:16:5:32":0,"s:6:26:11:Infinity":1,"s:12:32:12:Infinity":2,"s:13:28:13:Infinity":3,"s:15:22:93:Infinity":4,"f:15:22:15:34":1,"s:16:4:92:Infinity":5,"s:17:23:17:Infinity":6,"b:18:6:18:Infinity:undefined:undefined:undefined:undefined":0,"s:18:6:18:Infinity":7,"s:18:24:18:Infinity":8,"s:19:19:19:Infinity":9,"s:21:21:21:Infinity":10,"b:21:21:21:36:21:36:21:Infinity":1,"s:23:19:23:Infinity":11,"s:24:23:24:Infinity":12,"s:25:19:25:Infinity":13,"s:27:21:27:Infinity":14,"s:29:6:72:Infinity":15,"f:29:13:29:21":2,"s:30:23:30:Infinity":16,"s:31:25:31:Infinity":17,"f:31:59:31:64":3,"s:31:69:31:90":18,"s:32:25:32:Infinity":19,"f:32:59:32:64":4,"s:32:69:32:90":20,"s:35:27:35:Infinity":21,"b:36:8:43:Infinity:undefined:undefined:undefined:undefined":2,"s:36:8:43:Infinity":22,"s:37:10:42:Infinity":23,"f:37:40:37:48":5,"b:38:12:41:Infinity:undefined:undefined:undefined:undefined":3,"s:38:12:41:Infinity":24,"s:39:29:39:Infinity":25,"b:39:29:39:79:39:79:39:Infinity":4,"s:40:14:40:Infinity":26,"s:45:25:62:Infinity":27,"b:52:18:52:49:52:49:52:Infinity":5,"b:53:19:53:38:53:38:53:Infinity":6,"b:54:18:54:42:54:42:54:Infinity":7,"b:57:18:57:49:57:49:57:Infinity":8,"b:58:19:58:38:58:38:58:Infinity":9,"b:59:18:59:42:59:42:59:Infinity":10,"b:64:8:71:Infinity:67:15:71:Infinity":11,"s:64:8:71:Infinity":28,"s:65:10:65:Infinity":29,"b:66:10:66:Infinity:undefined:undefined:undefined:undefined":12,"s:66:10:66:Infinity":30,"s:66:25:66:Infinity":31,"b:67:15:71:Infinity:69:15:71:Infinity":13,"s:67:15:71:Infinity":32,"s:68:10:68:Infinity":33,"s:70:10:70:Infinity":34,"b:75:6:78:Infinity:undefined:undefined:undefined:undefined":14,"s:75:6:78:Infinity":35,"b:76:8:77:Infinity:77:13:77:Infinity":15,"s:76:8:77:Infinity":36,"s:76:33:76:Infinity":37,"b:77:13:77:Infinity:undefined:undefined:undefined:undefined":16,"s:77:13:77:Infinity":38,"s:77:34:77:Infinity":39,"s:80:6:85:Infinity":40,"s:86:6:86:Infinity":41,"s:88:6:88:Infinity":42,"s:89:6:89:Infinity":43,"s:91:6:91:Infinity":44,"s:95:2:100:Infinity":45,"f:95:2:95:18":6,"s:96:4:96:Infinity":46,"s:98:21:98:Infinity":47,"s:99:4:99:Infinity":48,"f:99:4:99:17":7,"s:99:17:99:Infinity":49,"s:102:2:102:Infinity":50},"fnNames":{}}}
}
